{"level":"info","msg":"[::1]:53359POST/transport-solution","time":"2019-04-02T10:22:48+03:00"}
{"level":"info","msg":"params{[40 30 10 50 25] [30 50 75 20] [[40 30 10 50 25] [40 30 10 50 25] [40 30 10 50 25] [40 30 10 50 25]]}","time":"2019-04-02T10:22:48+03:00"}
{"level":"info","msg":"Start calculation","time":"2019-04-02T10:22:48+03:00"}
{"level":"info","msg":"Start Vogel Approximation","time":"2019-04-02T10:22:48+03:00"}
{"level":"info","msg":"Start Calculate Potentials","time":"2019-04-02T10:22:48+03:00"}
{"level":"info","msg":"Done!","time":"2019-04-02T10:22:48+03:00"}
{"level":"info","msg":"OK200 [123 34 116 111 116 97 108 67 111 115 116 34 58 53 55 50 53 44 34 114 101 115 117 108 116 34 58 91 91 48 44 48 44 49 48 44 48 44 48 44 50 48 93 44 91 48 44 50 53 44 48 44 48 44 50 53 44 48 93 44 91 52 48 44 53 44 48 44 51 48 44 48 44 48 93 44 91 48 44 48 44 48 44 50 48 44 48 44 48 93 93 44 34 115 117 112 112 108 121 34 58 91 51 48 44 53 48 44 55 53 44 50 48 93 44 34 100 101 109 97 110 100 34 58 91 52 48 44 51 48 44 49 48 44 53 48 44 50 53 44 50 48 93 44 34 99 111 115 116 115 34 58 91 91 52 48 44 51 48 44 49 48 44 53 48 44 50 53 44 48 93 44 91 52 48 44 51 48 44 49 48 44 53 48 44 50 53 44 48 93 44 91 52 48 44 51 48 44 49 48 44 53 48 44 50 53 44 48 93 44 91 52 48 44 51 48 44 49 48 44 53 48 44 50 53 44 48 93 93 125]","time":"2019-04-02T10:22:48+03:00"}
{"level":"info","msg":"[::1]:53598POST/transport-solution","time":"2019-04-02T10:35:33+03:00"}
{"level":"info","msg":"params{[40 30 10 50 25] [30 50 75 20] [[40 30 10 50 25] [40 30 10 50 25] [40 30 10 50 25] [40 30 10 50 25]]}","time":"2019-04-02T10:35:33+03:00"}
{"level":"info","msg":"Start calculation","time":"2019-04-02T10:35:33+03:00"}
{"level":"info","msg":"Start Vogel Approximation","time":"2019-04-02T10:35:33+03:00"}
{"level":"info","msg":"Start Calculate Potentials","time":"2019-04-02T10:35:33+03:00"}
{"level":"warning","msg":"Degeneracy solution","time":"2019-04-02T10:35:33+03:00"}
{"level":"warning","msg":"start solving with potentials \u0026{[0 0 0 0] [0 0 0 0 0 0] [30 50 75 20] [40 30 10 50 25 20] 4 6 [[40 30 10 50 25 0] [40 30 10 50 25 0] [40 30 10 50 25 0] [40 30 10 50 25 0]] [[{5e-324 40 0 0} {0 0 0 0} {10 10 0 2} {0 0 0 0} {0 0 0 0} {20 0 0 5}] [{0 0 0 0} {25 30 1 1} {0 0 0 0} {0 0 0 0} {25 25 1 4} {0 0 0 0}] [{40 40 2 0} {5 30 2 1} {0 0 0 0} {30 50 2 3} {0 0 0 0} {0 0 0 0}] [{0 0 0 0} {0 0 0 0} {0 0 0 0} {20 50 3 3} {0 0 0 0} {0 0 0 0}]] [true true true true] [true true true true true true]}","time":"2019-04-02T10:35:33+03:00"}
{"level":"info","msg":"Done!","time":"2019-04-02T10:35:33+03:00"}
{"level":"info","msg":"OK200 [123 34 116 111 116 97 108 67 111 115 116 34 58 53 55 50 53 44 34 114 101 115 117 108 116 34 58 91 91 48 44 48 44 49 48 44 48 44 48 44 50 48 93 44 91 48 44 50 53 44 48 44 48 44 50 53 44 48 93 44 91 52 48 44 53 44 48 44 51 48 44 48 44 48 93 44 91 48 44 48 44 48 44 50 48 44 48 44 48 93 93 44 34 115 117 112 112 108 121 34 58 91 51 48 44 53 48 44 55 53 44 50 48 93 44 34 100 101 109 97 110 100 34 58 91 52 48 44 51 48 44 49 48 44 53 48 44 50 53 44 50 48 93 44 34 99 111 115 116 115 34 58 91 91 52 48 44 51 48 44 49 48 44 53 48 44 50 53 44 48 93 44 91 52 48 44 51 48 44 49 48 44 53 48 44 50 53 44 48 93 44 91 52 48 44 51 48 44 49 48 44 53 48 44 50 53 44 48 93 44 91 52 48 44 51 48 44 49 48 44 53 48 44 50 53 44 48 93 93 125]","time":"2019-04-02T10:35:33+03:00"}
{"level":"info","msg":"[::1]:53618POST/transport-solution","time":"2019-04-02T10:35:54+03:00"}
{"level":"info","msg":"params{[40 30 10 50 25] [30 50 75 20] [[40 30 10 50 25] [40 30 10 50 25] [40 30 10 50 25] [40 30 10 50 25]]}","time":"2019-04-02T10:35:54+03:00"}
{"level":"info","msg":"Start calculation","time":"2019-04-02T10:35:54+03:00"}
{"level":"info","msg":"Start Vogel Approximation","time":"2019-04-02T10:35:54+03:00"}
{"level":"info","msg":"Start Calculate Potentials","time":"2019-04-02T10:35:54+03:00"}
{"level":"warning","msg":"Degeneracy solution","time":"2019-04-02T10:35:54+03:00"}
{"level":"warning","msg":"start solving with potentials \u0026{[0 0 0 0] [0 0 0 0 0 0] [30 50 75 20] [40 30 10 50 25 20] 4 6 [[40 30 10 50 25 0] [40 30 10 50 25 0] [40 30 10 50 25 0] [40 30 10 50 25 0]] [[{5e-324 40 0 0} {0 0 0 0} {10 10 0 2} {0 0 0 0} {0 0 0 0} {20 0 0 5}] [{0 0 0 0} {25 30 1 1} {0 0 0 0} {0 0 0 0} {25 25 1 4} {0 0 0 0}] [{40 40 2 0} {5 30 2 1} {0 0 0 0} {30 50 2 3} {0 0 0 0} {0 0 0 0}] [{0 0 0 0} {0 0 0 0} {0 0 0 0} {20 50 3 3} {0 0 0 0} {0 0 0 0}]] [true true true true] [true true true true true true]}","time":"2019-04-02T10:35:54+03:00"}
{"level":"info","msg":"Done!","time":"2019-04-02T10:35:54+03:00"}
{"level":"info","msg":"OK200 [123 34 116 111 116 97 108 67 111 115 116 34 58 53 55 50 53 44 34 114 101 115 117 108 116 34 58 91 91 48 44 48 44 49 48 44 48 44 48 44 50 48 93 44 91 48 44 50 53 44 48 44 48 44 50 53 44 48 93 44 91 52 48 44 53 44 48 44 51 48 44 48 44 48 93 44 91 48 44 48 44 48 44 50 48 44 48 44 48 93 93 44 34 115 117 112 112 108 121 34 58 91 51 48 44 53 48 44 55 53 44 50 48 93 44 34 100 101 109 97 110 100 34 58 91 52 48 44 51 48 44 49 48 44 53 48 44 50 53 44 50 48 93 44 34 99 111 115 116 115 34 58 91 91 52 48 44 51 48 44 49 48 44 53 48 44 50 53 44 48 93 44 91 52 48 44 51 48 44 49 48 44 53 48 44 50 53 44 48 93 44 91 52 48 44 51 48 44 49 48 44 53 48 44 50 53 44 48 93 44 91 52 48 44 51 48 44 49 48 44 53 48 44 50 53 44 48 93 93 125]","time":"2019-04-02T10:35:54+03:00"}
{"level":"info","msg":"[::1]:53673POST/transport-solution","time":"2019-04-02T10:41:20+03:00"}
{"level":"info","msg":"params{[40 30 10 50 25] [30 50 75 20] [[40 30 10 50 25] [40 30 10 50 25] [40 30 10 50 25] [40 30 10 50 25]]}","time":"2019-04-02T10:41:20+03:00"}
{"level":"info","msg":"Start calculation","time":"2019-04-02T10:41:20+03:00"}
{"level":"info","msg":"Start Vogel Approximation","time":"2019-04-02T10:41:20+03:00"}
{"level":"info","msg":"Start Calculate Potentials","time":"2019-04-02T10:41:20+03:00"}
{"level":"warning","msg":"Degeneracy solution [123 34 116 111 116 97 108 67 111 115 116 34 58 53 55 50 53 44 34 114 101 115 117 108 116 34 58 91 91 48 44 48 44 49 48 44 48 44 48 44 50 48 93 44 91 48 44 50 53 44 48 44 48 44 50 53 44 48 93 44 91 52 48 44 53 44 48 44 51 48 44 48 44 48 93 44 91 48 44 48 44 48 44 50 48 44 48 44 48 93 93 44 34 115 117 112 112 108 121 34 58 91 51 48 44 53 48 44 55 53 44 50 48 93 44 34 100 101 109 97 110 100 34 58 91 52 48 44 51 48 44 49 48 44 53 48 44 50 53 44 50 48 93 44 34 99 111 115 116 115 34 58 91 91 52 48 44 51 48 44 49 48 44 53 48 44 50 53 44 48 93 44 91 52 48 44 51 48 44 49 48 44 53 48 44 50 53 44 48 93 44 91 52 48 44 51 48 44 49 48 44 53 48 44 50 53 44 48 93 44 91 52 48 44 51 48 44 49 48 44 53 48 44 50 53 44 48 93 93 125]","time":"2019-04-02T10:41:20+03:00"}
{"level":"info","msg":"Search candidate [123 34 116 111 116 97 108 67 111 115 116 34 58 53 55 50 53 44 34 114 101 115 117 108 116 34 58 91 91 48 44 48 44 49 48 44 48 44 48 44 50 48 93 44 91 48 44 50 53 44 48 44 48 44 50 53 44 48 93 44 91 52 48 44 53 44 48 44 51 48 44 48 44 48 93 44 91 48 44 48 44 48 44 50 48 44 48 44 48 93 93 44 34 115 117 112 112 108 121 34 58 91 51 48 44 53 48 44 55 53 44 50 48 93 44 34 100 101 109 97 110 100 34 58 91 52 48 44 51 48 44 49 48 44 53 48 44 50 53 44 50 48 93 44 34 99 111 115 116 115 34 58 91 91 52 48 44 51 48 44 49 48 44 53 48 44 50 53 44 48 93 44 91 52 48 44 51 48 44 49 48 44 53 48 44 50 53 44 48 93 44 91 52 48 44 51 48 44 49 48 44 53 48 44 50 53 44 48 93 44 91 52 48 44 51 48 44 49 48 44 53 48 44 50 53 44 48 93 93 125]","time":"2019-04-02T10:41:20+03:00"}
{"level":"info","msg":"Done!","time":"2019-04-02T10:41:20+03:00"}
{"level":"info","msg":"OK200 [123 34 116 111 116 97 108 67 111 115 116 34 58 53 55 50 53 44 34 114 101 115 117 108 116 34 58 91 91 48 44 48 44 49 48 44 48 44 48 44 50 48 93 44 91 48 44 50 53 44 48 44 48 44 50 53 44 48 93 44 91 52 48 44 53 44 48 44 51 48 44 48 44 48 93 44 91 48 44 48 44 48 44 50 48 44 48 44 48 93 93 44 34 115 117 112 112 108 121 34 58 91 51 48 44 53 48 44 55 53 44 50 48 93 44 34 100 101 109 97 110 100 34 58 91 52 48 44 51 48 44 49 48 44 53 48 44 50 53 44 50 48 93 44 34 99 111 115 116 115 34 58 91 91 52 48 44 51 48 44 49 48 44 53 48 44 50 53 44 48 93 44 91 52 48 44 51 48 44 49 48 44 53 48 44 50 53 44 48 93 44 91 52 48 44 51 48 44 49 48 44 53 48 44 50 53 44 48 93 44 91 52 48 44 51 48 44 49 48 44 53 48 44 50 53 44 48 93 93 125]","time":"2019-04-02T10:41:20+03:00"}
{"level":"info","msg":"[::1]:53688POST/transport-solution","time":"2019-04-02T10:42:38+03:00"}
{"level":"info","msg":"params{[40 30 10 50 25] [30 50 75 20] [[40 30 10 50 25] [40 30 10 50 25] [40 30 10 50 25] [40 30 10 50 25]]}","time":"2019-04-02T10:42:38+03:00"}
{"level":"info","msg":"Start calculation","time":"2019-04-02T10:42:38+03:00"}
{"level":"info","msg":"Start Vogel Approximation","time":"2019-04-02T10:42:38+03:00"}
{"level":"info","msg":"Start Calculate Potentials","time":"2019-04-02T10:42:38+03:00"}
{"level":"warning","msg":"Degeneracy solution {\"totalCost\":5725,\"result\":[[0,0,10,0,0,20],[0,25,0,0,25,0],[40,5,0,30,0,0],[0,0,0,20,0,0]],\"supply\":[30,50,75,20],\"demand\":[40,30,10,50,25,20],\"costs\":[[40,30,10,50,25,0],[40,30,10,50,25,0],[40,30,10,50,25,0],[40,30,10,50,25,0]]}","time":"2019-04-02T10:42:38+03:00"}
{"level":"info","msg":"Search candidate [123 34 116 111 116 97 108 67 111 115 116 34 58 53 55 50 53 44 34 114 101 115 117 108 116 34 58 91 91 48 44 48 44 49 48 44 48 44 48 44 50 48 93 44 91 48 44 50 53 44 48 44 48 44 50 53 44 48 93 44 91 52 48 44 53 44 48 44 51 48 44 48 44 48 93 44 91 48 44 48 44 48 44 50 48 44 48 44 48 93 93 44 34 115 117 112 112 108 121 34 58 91 51 48 44 53 48 44 55 53 44 50 48 93 44 34 100 101 109 97 110 100 34 58 91 52 48 44 51 48 44 49 48 44 53 48 44 50 53 44 50 48 93 44 34 99 111 115 116 115 34 58 91 91 52 48 44 51 48 44 49 48 44 53 48 44 50 53 44 48 93 44 91 52 48 44 51 48 44 49 48 44 53 48 44 50 53 44 48 93 44 91 52 48 44 51 48 44 49 48 44 53 48 44 50 53 44 48 93 44 91 52 48 44 51 48 44 49 48 44 53 48 44 50 53 44 48 93 93 125]","time":"2019-04-02T10:42:38+03:00"}
{"level":"info","msg":"Done!","time":"2019-04-02T10:42:38+03:00"}
{"level":"info","msg":"OK200 [123 34 116 111 116 97 108 67 111 115 116 34 58 53 55 50 53 44 34 114 101 115 117 108 116 34 58 91 91 48 44 48 44 49 48 44 48 44 48 44 50 48 93 44 91 48 44 50 53 44 48 44 48 44 50 53 44 48 93 44 91 52 48 44 53 44 48 44 51 48 44 48 44 48 93 44 91 48 44 48 44 48 44 50 48 44 48 44 48 93 93 44 34 115 117 112 112 108 121 34 58 91 51 48 44 53 48 44 55 53 44 50 48 93 44 34 100 101 109 97 110 100 34 58 91 52 48 44 51 48 44 49 48 44 53 48 44 50 53 44 50 48 93 44 34 99 111 115 116 115 34 58 91 91 52 48 44 51 48 44 49 48 44 53 48 44 50 53 44 48 93 44 91 52 48 44 51 48 44 49 48 44 53 48 44 50 53 44 48 93 44 91 52 48 44 51 48 44 49 48 44 53 48 44 50 53 44 48 93 44 91 52 48 44 51 48 44 49 48 44 53 48 44 50 53 44 48 93 93 125]","time":"2019-04-02T10:42:38+03:00"}
{"level":"info","msg":"[::1]:54026POST/transport-solution","time":"2019-04-02T11:04:57+03:00"}
{"level":"info","msg":"params{[40 30 10 50 25] [30 50 75 20] [[40 30 10 50 25] [40 30 10 50 25] [40 30 10 50 25] [40 30 10 50 25]]}","time":"2019-04-02T11:04:57+03:00"}
{"level":"info","msg":"Start calculation","time":"2019-04-02T11:04:57+03:00"}
{"level":"info","msg":"Start Vogel Approximation","time":"2019-04-02T11:04:57+03:00"}
{"level":"info","msg":"Start Calculate Potentials","time":"2019-04-02T11:04:57+03:00"}
{"level":"warning","msg":"Degeneracy solution {\"totalCost\":5725,\"result\":[[0,0,10,0,0,20],[0,25,0,0,25,0],[40,5,0,30,0,0],[0,0,0,20,0,0]],\"supply\":[30,50,75,20],\"demand\":[40,30,10,50,25,20],\"costs\":[[40,30,10,50,25,0],[40,30,10,50,25,0],[40,30,10,50,25,0],[40,30,10,50,25,0]]}","time":"2019-04-02T11:04:57+03:00"}
{"level":"info","msg":"Search candidate {\"totalCost\":5725,\"result\":[[0,0,10,0,0,20],[0,25,0,0,25,0],[40,5,0,30,0,0],[0,0,0,20,0,0]],\"supply\":[30,50,75,20],\"demand\":[40,30,10,50,25,20],\"costs\":[[40,30,10,50,25,0],[40,30,10,50,25,0],[40,30,10,50,25,0],[40,30,10,50,25,0]]}","time":"2019-04-02T11:04:57+03:00"}
{"level":"info","msg":"Done!","time":"2019-04-02T11:04:57+03:00"}
{"level":"info","msg":"OK200 [123 34 116 111 116 97 108 67 111 115 116 34 58 53 55 50 53 44 34 114 101 115 117 108 116 34 58 91 91 48 44 48 44 49 48 44 48 44 48 44 50 48 93 44 91 48 44 50 53 44 48 44 48 44 50 53 44 48 93 44 91 52 48 44 53 44 48 44 51 48 44 48 44 48 93 44 91 48 44 48 44 48 44 50 48 44 48 44 48 93 93 44 34 115 117 112 112 108 121 34 58 91 51 48 44 53 48 44 55 53 44 50 48 93 44 34 100 101 109 97 110 100 34 58 91 52 48 44 51 48 44 49 48 44 53 48 44 50 53 44 50 48 93 44 34 99 111 115 116 115 34 58 91 91 52 48 44 51 48 44 49 48 44 53 48 44 50 53 44 48 93 44 91 52 48 44 51 48 44 49 48 44 53 48 44 50 53 44 48 93 44 91 52 48 44 51 48 44 49 48 44 53 48 44 50 53 44 48 93 44 91 52 48 44 51 48 44 49 48 44 53 48 44 50 53 44 48 93 93 125]","time":"2019-04-02T11:04:57+03:00"}
{"level":"info","msg":"[::1]:54044POST/transport-solution","time":"2019-04-02T11:06:45+03:00"}
{"level":"info","msg":"params{[40 30 10 50 25] [30 50 75 20] [[40 30 10 50 25] [40 30 10 50 25] [40 30 10 50 25] [40 30 10 50 25]]}","time":"2019-04-02T11:06:45+03:00"}
{"level":"info","msg":"Start calculation","time":"2019-04-02T11:06:45+03:00"}
{"level":"info","msg":"Start Vogel Approximation","time":"2019-04-02T11:06:45+03:00"}
{"level":"info","msg":"Start Calculate Potentials","time":"2019-04-02T11:06:45+03:00"}
{"level":"warning","msg":"Degeneracy solution {\"totalCost\":5725,\"result\":[[0,0,10,0,0,20],[0,25,0,0,25,0],[40,5,0,30,0,0],[0,0,0,20,0,0]],\"supply\":[30,50,75,20],\"demand\":[40,30,10,50,25,20],\"costs\":[[40,30,10,50,25,0],[40,30,10,50,25,0],[40,30,10,50,25,0],[40,30,10,50,25,0]]}","time":"2019-04-02T11:06:45+03:00"}
{"level":"info","msg":"Search candidate {\"totalCost\":5725,\"result\":[[0,0,10,0,0,20],[0,25,0,0,25,0],[40,5,0,30,0,0],[0,0,0,20,0,0]],\"supply\":[30,50,75,20],\"demand\":[40,30,10,50,25,20],\"costs\":[[40,30,10,50,25,0],[40,30,10,50,25,0],[40,30,10,50,25,0],[40,30,10,50,25,0]]}","time":"2019-04-02T11:06:45+03:00"}
{"level":"info","msg":"Done!","time":"2019-04-02T11:06:45+03:00"}
{"level":"info","msg":"OK200 [123 34 116 111 116 97 108 67 111 115 116 34 58 53 55 50 53 44 34 114 101 115 117 108 116 34 58 91 91 48 44 48 44 49 48 44 48 44 48 44 50 48 93 44 91 48 44 50 53 44 48 44 48 44 50 53 44 48 93 44 91 52 48 44 53 44 48 44 51 48 44 48 44 48 93 44 91 48 44 48 44 48 44 50 48 44 48 44 48 93 93 44 34 115 117 112 112 108 121 34 58 91 51 48 44 53 48 44 55 53 44 50 48 93 44 34 100 101 109 97 110 100 34 58 91 52 48 44 51 48 44 49 48 44 53 48 44 50 53 44 50 48 93 44 34 99 111 115 116 115 34 58 91 91 52 48 44 51 48 44 49 48 44 53 48 44 50 53 44 48 93 44 91 52 48 44 51 48 44 49 48 44 53 48 44 50 53 44 48 93 44 91 52 48 44 51 48 44 49 48 44 53 48 44 50 53 44 48 93 44 91 52 48 44 51 48 44 49 48 44 53 48 44 50 53 44 48 93 93 125]","time":"2019-04-02T11:06:45+03:00"}
{"level":"info","msg":"[::1]:55232POST/transport-solution","time":"2019-04-02T11:57:00+03:00"}
{"level":"info","msg":"params{[40 30 10 50 25] [30 50 75 20] [[40 30 10 50 25] [40 30 10 50 25] [40 30 10 50 25] [40 30 10 50 25]]}","time":"2019-04-02T11:57:00+03:00"}
{"level":"info","msg":"Start calculation","time":"2019-04-02T11:57:00+03:00"}
{"level":"info","msg":"Start Vogel Approximation","time":"2019-04-02T11:57:00+03:00"}
{"level":"info","msg":"Start Calculate Potentials","time":"2019-04-02T11:57:00+03:00"}
{"level":"warning","msg":"Degeneracy solution {\"totalCost\":5725,\"result\":[[0,0,10,0,0,20],[0,25,0,0,25,0],[40,5,0,30,0,0],[0,0,0,20,0,0]],\"supply\":[30,50,75,20],\"demand\":[40,30,10,50,25,20],\"costs\":[[40,30,10,50,25,0],[40,30,10,50,25,0],[40,30,10,50,25,0],[40,30,10,50,25,0]]}","time":"2019-04-02T11:57:00+03:00"}
{"level":"info","msg":"Search candidate {\"totalCost\":5725,\"result\":[[0,0,10,0,0,20],[0,25,0,0,25,0],[40,5,0,30,0,0],[0,0,0,20,0,0]],\"supply\":[30,50,75,20],\"demand\":[40,30,10,50,25,20],\"costs\":[[40,30,10,50,25,0],[40,30,10,50,25,0],[40,30,10,50,25,0],[40,30,10,50,25,0]]}","time":"2019-04-02T11:57:00+03:00"}
{"level":"info","msg":"Done!","time":"2019-04-02T11:57:00+03:00"}
{"level":"info","msg":"OK 200{\"totalCost\":5725,\"result\":[[0,0,10,0,0,20],[0,25,0,0,25,0],[40,5,0,30,0,0],[0,0,0,20,0,0]],\"supply\":[30,50,75,20],\"demand\":[40,30,10,50,25,20],\"costs\":[[40,30,10,50,25,0],[40,30,10,50,25,0],[40,30,10,50,25,0],[40,30,10,50,25,0]]}","time":"2019-04-02T11:57:00+03:00"}
{"level":"info","msg":"[::1]:55232POST/transport-solution","time":"2019-04-02T11:57:03+03:00"}
{"level":"info","msg":"params{[40 30 10 50 25] [30 50 75 20] [[40 30 10 50 25] [40 30 10 50 25] [40 30 10 50 25] [40 30 10 50 25]]}","time":"2019-04-02T11:57:03+03:00"}
{"level":"info","msg":"Start calculation","time":"2019-04-02T11:57:03+03:00"}
{"level":"info","msg":"Start Vogel Approximation","time":"2019-04-02T11:57:03+03:00"}
{"level":"info","msg":"Start Calculate Potentials","time":"2019-04-02T11:57:03+03:00"}
{"level":"warning","msg":"Degeneracy solution {\"totalCost\":5725,\"result\":[[0,0,10,0,0,20],[0,25,0,0,25,0],[40,5,0,30,0,0],[0,0,0,20,0,0]],\"supply\":[30,50,75,20],\"demand\":[40,30,10,50,25,20],\"costs\":[[40,30,10,50,25,0],[40,30,10,50,25,0],[40,30,10,50,25,0],[40,30,10,50,25,0]]}","time":"2019-04-02T11:57:03+03:00"}
{"level":"info","msg":"Search candidate {\"totalCost\":5725,\"result\":[[0,0,10,0,0,20],[0,25,0,0,25,0],[40,5,0,30,0,0],[0,0,0,20,0,0]],\"supply\":[30,50,75,20],\"demand\":[40,30,10,50,25,20],\"costs\":[[40,30,10,50,25,0],[40,30,10,50,25,0],[40,30,10,50,25,0],[40,30,10,50,25,0]]}","time":"2019-04-02T11:57:03+03:00"}
{"level":"info","msg":"Done!","time":"2019-04-02T11:57:03+03:00"}
{"level":"info","msg":"OK 200{\"totalCost\":5725,\"result\":[[0,0,10,0,0,20],[0,25,0,0,25,0],[40,5,0,30,0,0],[0,0,0,20,0,0]],\"supply\":[30,50,75,20],\"demand\":[40,30,10,50,25,20],\"costs\":[[40,30,10,50,25,0],[40,30,10,50,25,0],[40,30,10,50,25,0],[40,30,10,50,25,0]]}","time":"2019-04-02T11:57:03+03:00"}
{"level":"info","msg":"[::1]:55304POST/transport-solution","time":"2019-04-02T12:06:22+03:00"}
{"level":"info","msg":"params{[40 30 10 50 25] [30 50 75 20] [[40 30 10 50 25] [40 30 10 50 25] [40 30 10 50 25] [40 30 10 50 25]]}","time":"2019-04-02T12:06:22+03:00"}
{"level":"info","msg":"Start calculation","time":"2019-04-02T12:06:22+03:00"}
{"level":"info","msg":"Start Vogel Approximation","time":"2019-04-02T12:06:22+03:00"}
{"level":"info","msg":"Start Calculate Potentials","time":"2019-04-02T12:06:22+03:00"}
{"level":"warning","msg":"Degeneracy solution {\"totalCost\":5725,\"result\":[[0,0,10,0,0,20],[0,25,0,0,25,0],[40,5,0,30,0,0],[0,0,0,20,0,0]],\"supply\":[30,50,75,20],\"demand\":[40,30,10,50,25,20],\"costs\":[[40,30,10,50,25,0],[40,30,10,50,25,0],[40,30,10,50,25,0],[40,30,10,50,25,0]]}","time":"2019-04-02T12:06:22+03:00"}
{"level":"info","msg":"Search candidate {\"totalCost\":5725,\"result\":[[0,0,10,0,0,20],[0,25,0,0,25,0],[40,5,0,30,0,0],[0,0,0,20,0,0]],\"supply\":[30,50,75,20],\"demand\":[40,30,10,50,25,20],\"costs\":[[40,30,10,50,25,0],[40,30,10,50,25,0],[40,30,10,50,25,0],[40,30,10,50,25,0]]}","time":"2019-04-02T12:06:22+03:00"}
{"level":"info","msg":"Done!","time":"2019-04-02T12:06:22+03:00"}
{"level":"info","msg":"OK 200{\"totalCost\":5725,\"result\":[[0,0,10,0,0,20],[0,25,0,0,25,0],[40,5,0,30,0,0],[0,0,0,20,0,0]],\"supply\":[30,50,75,20],\"demand\":[40,30,10,50,25,20],\"costs\":[[40,30,10,50,25,0],[40,30,10,50,25,0],[40,30,10,50,25,0],[40,30,10,50,25,0]]}","time":"2019-04-02T12:06:22+03:00"}
{"level":"info","msg":"[::1]:52545POST/transport-solution","time":"2019-04-03T16:12:34+03:00"}
{"level":"info","msg":"params{[40 30 10 50 25] [30 50 75 20] [[40 30 10 50 25] [40 30 10 50 25] [40 30 10 50 25] [40 30 10 50 25]]}","time":"2019-04-03T16:12:34+03:00"}
{"level":"info","msg":"Start calculation","time":"2019-04-03T16:12:34+03:00"}
{"level":"info","msg":"Start Vogel Approximation","time":"2019-04-03T16:12:34+03:00"}
{"level":"info","msg":"Start Calculate Potentials","time":"2019-04-03T16:12:34+03:00"}
{"level":"warning","msg":"Degeneracy solution {\"totalCost\":5725,\"result\":[[0,0,10,0,0,20],[0,25,0,0,25,0],[40,5,0,30,0,0],[0,0,0,20,0,0]],\"supply\":[30,50,75,20],\"demand\":[40,30,10,50,25,20],\"costs\":[[40,30,10,50,25,0],[40,30,10,50,25,0],[40,30,10,50,25,0],[40,30,10,50,25,0]]}","time":"2019-04-03T16:12:34+03:00"}
{"level":"info","msg":"Search candidate {\"totalCost\":5725,\"result\":[[0,0,10,0,0,20],[0,25,0,0,25,0],[40,5,0,30,0,0],[0,0,0,20,0,0]],\"supply\":[30,50,75,20],\"demand\":[40,30,10,50,25,20],\"costs\":[[40,30,10,50,25,0],[40,30,10,50,25,0],[40,30,10,50,25,0],[40,30,10,50,25,0]]}","time":"2019-04-03T16:12:34+03:00"}
{"level":"info","msg":"Done!","time":"2019-04-03T16:12:34+03:00"}
{"level":"info","msg":"OK 200{\"totalCost\":5725,\"result\":[[0,0,10,0,0,20],[0,25,0,0,25,0],[40,5,0,30,0,0],[0,0,0,20,0,0]],\"supply\":[30,50,75,20],\"demand\":[40,30,10,50,25,20],\"costs\":[[40,30,10,50,25,0],[40,30,10,50,25,0],[40,30,10,50,25,0],[40,30,10,50,25,0]]}","time":"2019-04-03T16:12:34+03:00"}
