{"level":"info","msg":"params{[40 30 10 50 25] [30 50 75 20] [[40 30 10 50 25] [40 30 10 50 25] [40 30 10 50 25] [40 30 10 50 25]]}","time":"2019-04-03T15:38:18+03:00"}
{"level":"info","msg":"Start calculation","time":"2019-04-03T15:38:18+03:00"}
{"level":"info","msg":"Start Vogel Approximation","time":"2019-04-03T15:38:18+03:00"}
{"level":"info","msg":"Start Calculate Potentials","time":"2019-04-03T15:38:18+03:00"}
{"level":"warning","msg":"Degeneracy solution {\"totalCost\":5725,\"result\":[[0,0,10,0,0,20],[0,25,0,0,25,0],[40,5,0,30,0,0],[0,0,0,20,0,0]],\"supply\":[30,50,75,20],\"demand\":[40,30,10,50,25,20],\"costs\":[[40,30,10,50,25,0],[40,30,10,50,25,0],[40,30,10,50,25,0],[40,30,10,50,25,0]]}","time":"2019-04-03T15:38:18+03:00"}
{"level":"info","msg":"Search candidate {\"totalCost\":5725,\"result\":[[0,0,10,0,0,20],[0,25,0,0,25,0],[40,5,0,30,0,0],[0,0,0,20,0,0]],\"supply\":[30,50,75,20],\"demand\":[40,30,10,50,25,20],\"costs\":[[40,30,10,50,25,0],[40,30,10,50,25,0],[40,30,10,50,25,0],[40,30,10,50,25,0]]}","time":"2019-04-03T15:38:18+03:00"}
{"level":"info","msg":"Done!","time":"2019-04-03T15:38:18+03:00"}
{"level":"info","msg":"OK 200{\"totalCost\":5725,\"result\":[[0,0,10,0,0,20],[0,25,0,0,25,0],[40,5,0,30,0,0],[0,0,0,20,0,0]],\"supply\":[30,50,75,20],\"demand\":[40,30,10,50,25,20],\"costs\":[[40,30,10,50,25,0],[40,30,10,50,25,0],[40,30,10,50,25,0],[40,30,10,50,25,0]]}","time":"2019-04-03T15:38:18+03:00"}
{"level":"info","msg":"params{[40 30 10 50 25] [30 50 75 20] [[40 30 10 50 25] [40 30 10 50 25] [40 30 10 50 25] [40 30 10]]}","time":"2019-04-03T15:38:18+03:00"}
{"level":"error","msg":"Unprocessable Entity 422 {[40 30 10 50 25] [30 50 75 20] [[40 30 10 50 25] [40 30 10 50 25] [40 30 10 50 25] [40 30 10]]}{\"error\":{\"costs\":\"length of costs columns should be equal to demand\"}}","time":"2019-04-03T15:38:18+03:00"}
{"level":"info","msg":"params{[] [] []}","time":"2019-04-03T15:38:18+03:00"}
{"level":"error","msg":"invalid params{[] [] []}","time":"2019-04-03T15:38:18+03:00"}
{"level":"info","msg":"params{[40 30 10 50 25] [30 50 75 20] [[40 30 10 50 25] [40 30 10 50 25] [40 30 10 50 25] [40 30 10 50 25]]}","time":"2019-04-03T15:39:27+03:00"}
{"level":"info","msg":"Start calculation","time":"2019-04-03T15:39:27+03:00"}
{"level":"info","msg":"Start Vogel Approximation","time":"2019-04-03T15:39:27+03:00"}
{"level":"info","msg":"Start Calculate Potentials","time":"2019-04-03T15:39:27+03:00"}
{"level":"warning","msg":"Degeneracy solution {\"totalCost\":5725,\"result\":[[0,0,10,0,0,20],[0,25,0,0,25,0],[40,5,0,30,0,0],[0,0,0,20,0,0]],\"supply\":[30,50,75,20],\"demand\":[40,30,10,50,25,20],\"costs\":[[40,30,10,50,25,0],[40,30,10,50,25,0],[40,30,10,50,25,0],[40,30,10,50,25,0]]}","time":"2019-04-03T15:39:27+03:00"}
{"level":"info","msg":"Search candidate {\"totalCost\":5725,\"result\":[[0,0,10,0,0,20],[0,25,0,0,25,0],[40,5,0,30,0,0],[0,0,0,20,0,0]],\"supply\":[30,50,75,20],\"demand\":[40,30,10,50,25,20],\"costs\":[[40,30,10,50,25,0],[40,30,10,50,25,0],[40,30,10,50,25,0],[40,30,10,50,25,0]]}","time":"2019-04-03T15:39:27+03:00"}
{"level":"info","msg":"Done!","time":"2019-04-03T15:39:27+03:00"}
{"level":"info","msg":"OK 200{\"totalCost\":5725,\"result\":[[0,0,10,0,0,20],[0,25,0,0,25,0],[40,5,0,30,0,0],[0,0,0,20,0,0]],\"supply\":[30,50,75,20],\"demand\":[40,30,10,50,25,20],\"costs\":[[40,30,10,50,25,0],[40,30,10,50,25,0],[40,30,10,50,25,0],[40,30,10,50,25,0]]}","time":"2019-04-03T15:39:27+03:00"}
{"level":"info","msg":"params{[40 30 10 50 25] [30 50 75 20] [[40 30 10 50 25] [40 30 10 50 25] [40 30 10 50 25] [40 30 10]]}","time":"2019-04-03T15:39:27+03:00"}
{"level":"error","msg":"Unprocessable Entity 422 {[40 30 10 50 25] [30 50 75 20] [[40 30 10 50 25] [40 30 10 50 25] [40 30 10 50 25] [40 30 10]]}{\"error\":{\"costs\":\"length of costs columns should be equal to demand\"}}","time":"2019-04-03T15:39:27+03:00"}
{"level":"info","msg":"params{[] [] []}","time":"2019-04-03T15:39:27+03:00"}
{"level":"error","msg":"invalid params{[] [] []}","time":"2019-04-03T15:39:27+03:00"}
