{"level":"info","msg":"Search candidate {\"totalCost\":348,\"result\":[[0,18,1,0,0],[12,0,0,25,0],[4,0,29,0,1]],\"supply\":[19,37,34],\"demand\":[16,18,30,25,1],\"costs\":[[5,3,6,2,0],[4,7,9,1,0],[3,4,7,5,0]]}","time":"2019-04-03T13:56:56+03:00"}
{"level":"info","msg":"Start solving with potentials {\"totalCost\":348,\"result\":[[0,18,1,0,0],[12,0,0,25,0],[4,0,29,0,1]],\"supply\":[19,37,34],\"demand\":[16,18,30,25,1],\"costs\":[[5,3,6,2,0],[4,7,9,1,0],[3,4,7,5,0]]}","time":"2019-04-03T13:56:56+03:00"}
{"level":"info","msg":"Search candidate {\"totalCost\":347,\"result\":[[0,18,1,0,0],[11,0,0,25,1],[5,0,29,0,0]],\"supply\":[19,37,34],\"demand\":[16,18,30,25,1],\"costs\":[[5,3,6,2,0],[4,7,9,1,0],[3,4,7,5,0]]}","time":"2019-04-03T13:56:56+03:00"}
{"level":"info","msg":"Search candidate {\"totalCost\":450,\"result\":[[20,0,10,0,0,0],[0,0,20,10,20,0],[0,20,0,0,30,25],[0,20,0,0,0,0]],\"supply\":[30,50,75,20],\"demand\":[20,40,30,10,50,25],\"costs\":[[1,2,1,4,5,2],[3,3,2,1,4,3],[4,2,5,9,6,2],[3,1,7,3,4,6]]}","time":"2019-04-03T13:56:56+03:00"}
{"level":"info","msg":"Start solving with potentials {\"totalCost\":450,\"result\":[[20,0,10,0,0,0],[0,0,20,10,20,0],[0,20,0,0,30,25],[0,20,0,0,0,0]],\"supply\":[30,50,75,20],\"demand\":[20,40,30,10,50,25],\"costs\":[[1,2,1,4,5,2],[3,3,2,1,4,3],[4,2,5,9,6,2],[3,1,7,3,4,6]]}","time":"2019-04-03T13:56:56+03:00"}
{"level":"info","msg":"Search candidate {\"totalCost\":430,\"result\":[[20,0,10,0,0,0],[0,0,20,10,20,0],[0,40,0,0,10,25],[0,0,0,0,20,0]],\"supply\":[30,50,75,20],\"demand\":[20,40,30,10,50,25],\"costs\":[[1,2,1,4,5,2],[3,3,2,1,4,3],[4,2,5,9,6,2],[3,1,7,3,4,6]]}","time":"2019-04-03T13:56:56+03:00"}
{"level":"info","msg":"Search candidate {\"totalCost\":348,\"result\":[[0,18,1,0,0],[12,0,0,25,0],[4,0,29,0,1]],\"supply\":[19,37,34],\"demand\":[16,18,30,25,1],\"costs\":[[5,3,6,2,0],[4,7,9,1,0],[3,4,7,5,0]]}","time":"2019-04-03T13:57:27+03:00"}
{"level":"info","msg":"Start solving with potentials {\"totalCost\":348,\"result\":[[0,18,1,0,0],[12,0,0,25,0],[4,0,29,0,1]],\"supply\":[19,37,34],\"demand\":[16,18,30,25,1],\"costs\":[[5,3,6,2,0],[4,7,9,1,0],[3,4,7,5,0]]}","time":"2019-04-03T13:57:27+03:00"}
{"level":"info","msg":"Search candidate {\"totalCost\":347,\"result\":[[0,18,1,0,0],[11,0,0,25,1],[5,0,29,0,0]],\"supply\":[19,37,34],\"demand\":[16,18,30,25,1],\"costs\":[[5,3,6,2,0],[4,7,9,1,0],[3,4,7,5,0]]}","time":"2019-04-03T13:57:27+03:00"}
{"level":"info","msg":"Search candidate {\"totalCost\":450,\"result\":[[20,0,10,0,0,0],[0,0,20,10,20,0],[0,20,0,0,30,25],[0,20,0,0,0,0]],\"supply\":[30,50,75,20],\"demand\":[20,40,30,10,50,25],\"costs\":[[1,2,1,4,5,2],[3,3,2,1,4,3],[4,2,5,9,6,2],[3,1,7,3,4,6]]}","time":"2019-04-03T13:57:27+03:00"}
{"level":"info","msg":"Start solving with potentials {\"totalCost\":450,\"result\":[[20,0,10,0,0,0],[0,0,20,10,20,0],[0,20,0,0,30,25],[0,20,0,0,0,0]],\"supply\":[30,50,75,20],\"demand\":[20,40,30,10,50,25],\"costs\":[[1,2,1,4,5,2],[3,3,2,1,4,3],[4,2,5,9,6,2],[3,1,7,3,4,6]]}","time":"2019-04-03T13:57:27+03:00"}
{"level":"info","msg":"Search candidate {\"totalCost\":430,\"result\":[[20,0,10,0,0,0],[0,0,20,10,20,0],[0,40,0,0,10,25],[0,0,0,0,20,0]],\"supply\":[30,50,75,20],\"demand\":[20,40,30,10,50,25],\"costs\":[[1,2,1,4,5,2],[3,3,2,1,4,3],[4,2,5,9,6,2],[3,1,7,3,4,6]]}","time":"2019-04-03T13:57:27+03:00"}
{"level":"info","msg":"Search candidate {\"totalCost\":348,\"result\":[[0,18,1,0,0],[12,0,0,25,0],[4,0,29,0,1]],\"supply\":[19,37,34],\"demand\":[16,18,30,25,1],\"costs\":[[5,3,6,2,0],[4,7,9,1,0],[3,4,7,5,0]]}","time":"2019-04-03T14:16:44+03:00"}
{"level":"info","msg":"Start solving with potentials {\"totalCost\":348,\"result\":[[0,18,1,0,0],[12,0,0,25,0],[4,0,29,0,1]],\"supply\":[19,37,34],\"demand\":[16,18,30,25,1],\"costs\":[[5,3,6,2,0],[4,7,9,1,0],[3,4,7,5,0]]}","time":"2019-04-03T14:16:44+03:00"}
{"level":"info","msg":"Search candidate {\"totalCost\":347,\"result\":[[0,18,1,0,0],[11,0,0,25,1],[5,0,29,0,0]],\"supply\":[19,37,34],\"demand\":[16,18,30,25,1],\"costs\":[[5,3,6,2,0],[4,7,9,1,0],[3,4,7,5,0]]}","time":"2019-04-03T14:16:44+03:00"}
{"level":"info","msg":"Search candidate {\"totalCost\":450,\"result\":[[20,0,10,0,0,0],[0,0,20,10,20,0],[0,20,0,0,30,25],[0,20,0,0,0,0]],\"supply\":[30,50,75,20],\"demand\":[20,40,30,10,50,25],\"costs\":[[1,2,1,4,5,2],[3,3,2,1,4,3],[4,2,5,9,6,2],[3,1,7,3,4,6]]}","time":"2019-04-03T14:16:44+03:00"}
{"level":"info","msg":"Start solving with potentials {\"totalCost\":450,\"result\":[[20,0,10,0,0,0],[0,0,20,10,20,0],[0,20,0,0,30,25],[0,20,0,0,0,0]],\"supply\":[30,50,75,20],\"demand\":[20,40,30,10,50,25],\"costs\":[[1,2,1,4,5,2],[3,3,2,1,4,3],[4,2,5,9,6,2],[3,1,7,3,4,6]]}","time":"2019-04-03T14:16:44+03:00"}
{"level":"info","msg":"Search candidate {\"totalCost\":430,\"result\":[[20,0,10,0,0,0],[0,0,20,10,20,0],[0,40,0,0,10,25],[0,0,0,0,20,0]],\"supply\":[30,50,75,20],\"demand\":[20,40,30,10,50,25],\"costs\":[[1,2,1,4,5,2],[3,3,2,1,4,3],[4,2,5,9,6,2],[3,1,7,3,4,6]]}","time":"2019-04-03T14:16:44+03:00"}
{"level":"info","msg":"Search candidate {\"totalCost\":348,\"result\":[[0,18,1,0,0],[12,0,0,25,0],[4,0,29,0,1]],\"supply\":[19,37,34],\"demand\":[16,18,30,25,1],\"costs\":[[5,3,6,2,0],[4,7,9,1,0],[3,4,7,5,0]]}","time":"2019-04-03T15:16:15+03:00"}
{"level":"info","msg":"Start solving with potentials {\"totalCost\":348,\"result\":[[0,18,1,0,0],[12,0,0,25,0],[4,0,29,0,1]],\"supply\":[19,37,34],\"demand\":[16,18,30,25,1],\"costs\":[[5,3,6,2,0],[4,7,9,1,0],[3,4,7,5,0]]}","time":"2019-04-03T15:16:15+03:00"}
{"level":"info","msg":"Search candidate {\"totalCost\":347,\"result\":[[0,18,1,0,0],[11,0,0,25,1],[5,0,29,0,0]],\"supply\":[19,37,34],\"demand\":[16,18,30,25,1],\"costs\":[[5,3,6,2,0],[4,7,9,1,0],[3,4,7,5,0]]}","time":"2019-04-03T15:16:15+03:00"}
{"level":"info","msg":"Search candidate {\"totalCost\":450,\"result\":[[20,0,10,0,0,0],[0,0,20,10,20,0],[0,20,0,0,30,25],[0,20,0,0,0,0]],\"supply\":[30,50,75,20],\"demand\":[20,40,30,10,50,25],\"costs\":[[1,2,1,4,5,2],[3,3,2,1,4,3],[4,2,5,9,6,2],[3,1,7,3,4,6]]}","time":"2019-04-03T15:16:15+03:00"}
{"level":"info","msg":"Start solving with potentials {\"totalCost\":450,\"result\":[[20,0,10,0,0,0],[0,0,20,10,20,0],[0,20,0,0,30,25],[0,20,0,0,0,0]],\"supply\":[30,50,75,20],\"demand\":[20,40,30,10,50,25],\"costs\":[[1,2,1,4,5,2],[3,3,2,1,4,3],[4,2,5,9,6,2],[3,1,7,3,4,6]]}","time":"2019-04-03T15:16:15+03:00"}
{"level":"info","msg":"Search candidate {\"totalCost\":430,\"result\":[[20,0,10,0,0,0],[0,0,20,10,20,0],[0,40,0,0,10,25],[0,0,0,0,20,0]],\"supply\":[30,50,75,20],\"demand\":[20,40,30,10,50,25],\"costs\":[[1,2,1,4,5,2],[3,3,2,1,4,3],[4,2,5,9,6,2],[3,1,7,3,4,6]]}","time":"2019-04-03T15:16:15+03:00"}
{"level":"info","msg":"Search candidate {\"totalCost\":348,\"result\":[[0,18,1,0,0],[12,0,0,25,0],[4,0,29,0,1]],\"supply\":[19,37,34],\"demand\":[16,18,30,25,1],\"costs\":[[5,3,6,2,0],[4,7,9,1,0],[3,4,7,5,0]]}","time":"2019-04-03T15:21:22+03:00"}
{"level":"info","msg":"Start solving with potentials {\"totalCost\":348,\"result\":[[0,18,1,0,0],[12,0,0,25,0],[4,0,29,0,1]],\"supply\":[19,37,34],\"demand\":[16,18,30,25,1],\"costs\":[[5,3,6,2,0],[4,7,9,1,0],[3,4,7,5,0]]}","time":"2019-04-03T15:21:22+03:00"}
{"level":"info","msg":"Search candidate {\"totalCost\":347,\"result\":[[0,18,1,0,0],[11,0,0,25,1],[5,0,29,0,0]],\"supply\":[19,37,34],\"demand\":[16,18,30,25,1],\"costs\":[[5,3,6,2,0],[4,7,9,1,0],[3,4,7,5,0]]}","time":"2019-04-03T15:21:22+03:00"}
{"level":"info","msg":"Search candidate {\"totalCost\":450,\"result\":[[20,0,10,0,0,0],[0,0,20,10,20,0],[0,20,0,0,30,25],[0,20,0,0,0,0]],\"supply\":[30,50,75,20],\"demand\":[20,40,30,10,50,25],\"costs\":[[1,2,1,4,5,2],[3,3,2,1,4,3],[4,2,5,9,6,2],[3,1,7,3,4,6]]}","time":"2019-04-03T15:21:22+03:00"}
{"level":"info","msg":"Start solving with potentials {\"totalCost\":450,\"result\":[[20,0,10,0,0,0],[0,0,20,10,20,0],[0,20,0,0,30,25],[0,20,0,0,0,0]],\"supply\":[30,50,75,20],\"demand\":[20,40,30,10,50,25],\"costs\":[[1,2,1,4,5,2],[3,3,2,1,4,3],[4,2,5,9,6,2],[3,1,7,3,4,6]]}","time":"2019-04-03T15:21:22+03:00"}
{"level":"info","msg":"Search candidate {\"totalCost\":430,\"result\":[[20,0,10,0,0,0],[0,0,20,10,20,0],[0,40,0,0,10,25],[0,0,0,0,20,0]],\"supply\":[30,50,75,20],\"demand\":[20,40,30,10,50,25],\"costs\":[[1,2,1,4,5,2],[3,3,2,1,4,3],[4,2,5,9,6,2],[3,1,7,3,4,6]]}","time":"2019-04-03T15:21:22+03:00"}
{"level":"info","msg":"Search candidate {\"totalCost\":348,\"result\":[[0,18,1,0,0],[12,0,0,25,0],[4,0,29,0,1]],\"supply\":[19,37,34],\"demand\":[16,18,30,25,1],\"costs\":[[5,3,6,2,0],[4,7,9,1,0],[3,4,7,5,0]]}","time":"2019-04-03T15:27:23+03:00"}
{"level":"info","msg":"Start solving with potentials {\"totalCost\":348,\"result\":[[0,18,1,0,0],[12,0,0,25,0],[4,0,29,0,1]],\"supply\":[19,37,34],\"demand\":[16,18,30,25,1],\"costs\":[[5,3,6,2,0],[4,7,9,1,0],[3,4,7,5,0]]}","time":"2019-04-03T15:27:23+03:00"}
{"level":"info","msg":"Search candidate {\"totalCost\":347,\"result\":[[0,18,1,0,0],[11,0,0,25,1],[5,0,29,0,0]],\"supply\":[19,37,34],\"demand\":[16,18,30,25,1],\"costs\":[[5,3,6,2,0],[4,7,9,1,0],[3,4,7,5,0]]}","time":"2019-04-03T15:27:23+03:00"}
{"level":"info","msg":"Search candidate {\"totalCost\":450,\"result\":[[20,0,10,0,0,0],[0,0,20,10,20,0],[0,20,0,0,30,25],[0,20,0,0,0,0]],\"supply\":[30,50,75,20],\"demand\":[20,40,30,10,50,25],\"costs\":[[1,2,1,4,5,2],[3,3,2,1,4,3],[4,2,5,9,6,2],[3,1,7,3,4,6]]}","time":"2019-04-03T15:27:23+03:00"}
{"level":"info","msg":"Start solving with potentials {\"totalCost\":450,\"result\":[[20,0,10,0,0,0],[0,0,20,10,20,0],[0,20,0,0,30,25],[0,20,0,0,0,0]],\"supply\":[30,50,75,20],\"demand\":[20,40,30,10,50,25],\"costs\":[[1,2,1,4,5,2],[3,3,2,1,4,3],[4,2,5,9,6,2],[3,1,7,3,4,6]]}","time":"2019-04-03T15:27:23+03:00"}
{"level":"info","msg":"Search candidate {\"totalCost\":430,\"result\":[[20,0,10,0,0,0],[0,0,20,10,20,0],[0,40,0,0,10,25],[0,0,0,0,20,0]],\"supply\":[30,50,75,20],\"demand\":[20,40,30,10,50,25],\"costs\":[[1,2,1,4,5,2],[3,3,2,1,4,3],[4,2,5,9,6,2],[3,1,7,3,4,6]]}","time":"2019-04-03T15:27:23+03:00"}
{"level":"info","msg":"Search candidate {\"totalCost\":348,\"result\":[[0,18,1,0,0],[12,0,0,25,0],[4,0,29,0,1]],\"supply\":[19,37,34],\"demand\":[16,18,30,25,1],\"costs\":[[5,3,6,2,0],[4,7,9,1,0],[3,4,7,5,0]]}","time":"2019-04-03T15:38:17+03:00"}
{"level":"info","msg":"Start solving with potentials {\"totalCost\":348,\"result\":[[0,18,1,0,0],[12,0,0,25,0],[4,0,29,0,1]],\"supply\":[19,37,34],\"demand\":[16,18,30,25,1],\"costs\":[[5,3,6,2,0],[4,7,9,1,0],[3,4,7,5,0]]}","time":"2019-04-03T15:38:17+03:00"}
{"level":"info","msg":"Search candidate {\"totalCost\":347,\"result\":[[0,18,1,0,0],[11,0,0,25,1],[5,0,29,0,0]],\"supply\":[19,37,34],\"demand\":[16,18,30,25,1],\"costs\":[[5,3,6,2,0],[4,7,9,1,0],[3,4,7,5,0]]}","time":"2019-04-03T15:38:17+03:00"}
{"level":"info","msg":"Search candidate {\"totalCost\":450,\"result\":[[20,0,10,0,0,0],[0,0,20,10,20,0],[0,20,0,0,30,25],[0,20,0,0,0,0]],\"supply\":[30,50,75,20],\"demand\":[20,40,30,10,50,25],\"costs\":[[1,2,1,4,5,2],[3,3,2,1,4,3],[4,2,5,9,6,2],[3,1,7,3,4,6]]}","time":"2019-04-03T15:38:17+03:00"}
{"level":"info","msg":"Start solving with potentials {\"totalCost\":450,\"result\":[[20,0,10,0,0,0],[0,0,20,10,20,0],[0,20,0,0,30,25],[0,20,0,0,0,0]],\"supply\":[30,50,75,20],\"demand\":[20,40,30,10,50,25],\"costs\":[[1,2,1,4,5,2],[3,3,2,1,4,3],[4,2,5,9,6,2],[3,1,7,3,4,6]]}","time":"2019-04-03T15:38:17+03:00"}
{"level":"info","msg":"Search candidate {\"totalCost\":430,\"result\":[[20,0,10,0,0,0],[0,0,20,10,20,0],[0,40,0,0,10,25],[0,0,0,0,20,0]],\"supply\":[30,50,75,20],\"demand\":[20,40,30,10,50,25],\"costs\":[[1,2,1,4,5,2],[3,3,2,1,4,3],[4,2,5,9,6,2],[3,1,7,3,4,6]]}","time":"2019-04-03T15:38:17+03:00"}
{"level":"info","msg":"Search candidate {\"totalCost\":348,\"result\":[[0,18,1,0,0],[12,0,0,25,0],[4,0,29,0,1]],\"supply\":[19,37,34],\"demand\":[16,18,30,25,1],\"costs\":[[5,3,6,2,0],[4,7,9,1,0],[3,4,7,5,0]]}","time":"2019-04-03T15:39:26+03:00"}
{"level":"info","msg":"Start solving with potentials {\"totalCost\":348,\"result\":[[0,18,1,0,0],[12,0,0,25,0],[4,0,29,0,1]],\"supply\":[19,37,34],\"demand\":[16,18,30,25,1],\"costs\":[[5,3,6,2,0],[4,7,9,1,0],[3,4,7,5,0]]}","time":"2019-04-03T15:39:26+03:00"}
{"level":"info","msg":"Search candidate {\"totalCost\":347,\"result\":[[0,18,1,0,0],[11,0,0,25,1],[5,0,29,0,0]],\"supply\":[19,37,34],\"demand\":[16,18,30,25,1],\"costs\":[[5,3,6,2,0],[4,7,9,1,0],[3,4,7,5,0]]}","time":"2019-04-03T15:39:26+03:00"}
{"level":"info","msg":"Search candidate {\"totalCost\":450,\"result\":[[20,0,10,0,0,0],[0,0,20,10,20,0],[0,20,0,0,30,25],[0,20,0,0,0,0]],\"supply\":[30,50,75,20],\"demand\":[20,40,30,10,50,25],\"costs\":[[1,2,1,4,5,2],[3,3,2,1,4,3],[4,2,5,9,6,2],[3,1,7,3,4,6]]}","time":"2019-04-03T15:39:26+03:00"}
{"level":"info","msg":"Start solving with potentials {\"totalCost\":450,\"result\":[[20,0,10,0,0,0],[0,0,20,10,20,0],[0,20,0,0,30,25],[0,20,0,0,0,0]],\"supply\":[30,50,75,20],\"demand\":[20,40,30,10,50,25],\"costs\":[[1,2,1,4,5,2],[3,3,2,1,4,3],[4,2,5,9,6,2],[3,1,7,3,4,6]]}","time":"2019-04-03T15:39:26+03:00"}
{"level":"info","msg":"Search candidate {\"totalCost\":430,\"result\":[[20,0,10,0,0,0],[0,0,20,10,20,0],[0,40,0,0,10,25],[0,0,0,0,20,0]],\"supply\":[30,50,75,20],\"demand\":[20,40,30,10,50,25],\"costs\":[[1,2,1,4,5,2],[3,3,2,1,4,3],[4,2,5,9,6,2],[3,1,7,3,4,6]]}","time":"2019-04-03T15:39:26+03:00"}
